<?xml version="1.0" encoding="UTF-8"?>
<!-- Generated by org.testng.reporters.JUnitReportReporter -->
<testsuite hostname="INWPF1WZ0CG-AAD" name="com.java.tests.GPSLocationTest" tests="1" failures="0" timestamp="3 Oct 2020 16:58:07 GMT" time="26.949" errors="0">
  <testcase name="geoLocationTest" time="26.949" classname="com.java.tests.GPSLocationTest"/>
</testsuite> <!-- com.java.tests.GPSLocationTest -->
