<?xml version="1.0" encoding="UTF-8"?>
<!-- Generated by org.testng.reporters.JUnitReportReporter -->
<testsuite hostname="INWPF1WZ0CG-AAD" name="com.java.tests.SeleniumEasyDemoTests" tests="1" failures="0" timestamp="3 Oct 2020 16:58:07 GMT" time="17.236" errors="0">
  <testcase name="testFileDownload" time="17.236" classname="com.java.tests.SeleniumEasyDemoTests"/>
</testsuite> <!-- com.java.tests.SeleniumEasyDemoTests -->
