<?xml version="1.0" encoding="UTF-8"?>
<!-- Generated by org.testng.reporters.JUnitReportReporter -->
<testsuite hostname="INWPF1WZ0CG-AAD" name="com.java.tests.ProfilePageTests" tests="1" failures="0" timestamp="3 Oct 2020 16:58:07 GMT" time="8.729" errors="0">
  <testcase name="testResume" time="8.729" classname="com.java.tests.ProfilePageTests"/>
</testsuite> <!-- com.java.tests.ProfilePageTests -->
