<?xml version="1.0" encoding="UTF-8"?>
<!-- Generated by org.testng.reporters.JUnitReportReporter -->
<testsuite hostname="INWPF1WZ0CG-AAD" name="com.java.tests.LocationTests" tests="1" failures="0" timestamp="1 Oct 2020 22:05:45 GMT" time="171.447" errors="0">
  <testcase name="goShoppingInAustin" time="171.447" classname="com.java.tests.LocationTests"/>
</testsuite> <!-- com.java.tests.LocationTests -->
