<?xml version="1.0" encoding="UTF-8"?>
<!-- Generated by org.testng.reporters.JUnitReportReporter -->
<testsuite hostname="INWPF1WZ0CG-AAD" name="com.java.tests.ProfilePageTests" tests="1" failures="0" timestamp="28 Sep 2020 07:22:25 GMT" time="2.234" errors="0">
  <testcase name="testResume" time="2.234" classname="com.java.tests.ProfilePageTests"/>
</testsuite> <!-- com.java.tests.ProfilePageTests -->
