<?xml version="1.0" encoding="UTF-8"?>
<!-- Generated by org.testng.reporters.JUnitReportReporter -->
<testsuite hostname="INWPF1WZ0CG-AAD" name="com.java.tests.ProfilePageTests" tests="1" failures="0" timestamp="28 Sep 2020 08:09:34 GMT" time="2.139" errors="0">
  <testcase name="testResume" time="2.139" classname="com.java.tests.ProfilePageTests"/>
</testsuite> <!-- com.java.tests.ProfilePageTests -->
